SF:lib/const/regex.dart
DA:1,0
LF:1
LH:0
end_of_record
SF:lib/const/theme_assets.g.dart
DA:5,0
LF:1
LH:0
end_of_record
SF:lib/src/theme/data/typography.dart
DA:10,1
DA:11,1
DA:12,1
DA:16,1
DA:18,1
DA:23,1
DA:25,1
DA:29,1
DA:31,1
DA:35,1
DA:37,1
DA:41,1
DA:43,1
DA:48,1
DA:50,1
DA:54,1
DA:57,1
DA:61,1
DA:64,1
DA:68,1
DA:71,1
DA:75,1
DA:77,1
DA:81,1
DA:83,1
DA:87,1
DA:89,1
DA:93,1
DA:96,1
DA:100,1
DA:103,1
DA:107,1
DA:124,0
DA:125,0
DA:126,0
DA:127,0
DA:128,0
DA:129,0
DA:130,0
DA:131,0
DA:132,0
DA:133,0
DA:134,0
DA:135,0
DA:136,0
DA:137,0
DA:142,0
DA:147,0
DA:154,0
DA:155,0
DA:156,0
DA:157,0
DA:158,0
DA:159,0
DA:160,0
DA:161,0
DA:162,0
DA:163,0
DA:164,0
DA:165,0
DA:166,0
DA:167,0
DA:168,0
DA:169,0
DA:170,0
LF:65
LH:32
end_of_record
SF:lib/src/theme/extensions.dart
DA:4,0
DA:6,2
DA:8,0
DA:14,0
DA:20,0
DA:26,0
DA:34,0
DA:39,0
DA:44,0
DA:49,0
LF:10
LH:1
end_of_record
SF:lib/src/theme/themes_data.dart
DA:22,0
DA:24,0
DA:25,0
DA:26,0
DA:27,0
DA:28,0
DA:29,0
DA:30,0
DA:31,0
DA:36,1
DA:38,1
DA:42,0
DA:44,0
DA:48,0
DA:50,0
DA:54,0
DA:56,0
DA:59,1
DA:60,1
DA:61,1
DA:65,1
DA:66,1
DA:67,1
DA:68,2
DA:71,2
DA:72,2
DA:74,1
DA:75,1
DA:80,2
DA:81,1
DA:84,1
DA:85,1
DA:86,1
DA:88,2
DA:91,1
DA:93,1
DA:94,1
DA:96,2
DA:98,2
DA:100,1
DA:101,1
DA:102,1
DA:103,1
DA:104,1
DA:105,1
DA:110,3
DA:111,2
DA:112,1
DA:113,1
DA:114,2
DA:116,1
DA:117,1
DA:118,1
DA:119,1
DA:120,1
DA:121,1
DA:122,1
DA:125,1
DA:127,1
DA:128,2
DA:129,1
DA:130,1
DA:131,2
DA:135,1
DA:136,1
DA:137,1
DA:141,2
DA:142,2
DA:143,2
DA:144,2
DA:147,1
DA:148,2
DA:149,3
DA:152,1
DA:153,1
DA:154,1
DA:155,1
DA:157,1
DA:159,1
DA:160,1
DA:161,1
DA:163,2
DA:164,3
DA:165,1
DA:166,1
DA:167,2
DA:169,2
DA:170,3
DA:172,1
DA:173,1
DA:174,1
DA:177,1
DA:179,1
DA:180,1
DA:181,1
DA:184,1
DA:186,1
DA:187,1
DA:188,1
DA:191,1
DA:193,1
DA:194,1
DA:195,1
DA:198,1
DA:200,1
DA:201,1
DA:202,1
DA:205,1
DA:207,1
DA:208,1
DA:209,1
DA:212,1
DA:215,1
DA:222,2
DA:223,1
DA:224,1
DA:241,3
DA:247,3
DA:253,0
DA:254,0
DA:260,0
DA:261,0
DA:267,0
DA:268,0
DA:274,3
DA:280,0
DA:281,0
DA:282,0
DA:289,0
DA:300,0
DA:308,0
DA:309,0
DA:310,0
DA:311,0
LF:134
LH:104
end_of_record
SF:lib/src/utils/extensions.dart
DA:6,0
DA:9,0
DA:11,0
DA:12,0
DA:13,0
DA:15,0
DA:16,0
DA:18,0
DA:22,0
DA:24,0
DA:25,0
DA:26,0
DA:27,0
DA:28,0
DA:29,0
DA:31,0
DA:37,0
DA:38,0
LF:18
LH:0
end_of_record
SF:lib/src/utils/helpers.dart
DA:3,0
DA:7,0
DA:8,0
DA:9,0
LF:4
LH:0
end_of_record
SF:lib/src/view/app_error_view.dart
DA:6,0
DA:33,0
DA:35,0
DA:37,0
DA:39,0
DA:40,0
DA:41,0
DA:42,0
DA:43,0
DA:51,0
DA:53,0
DA:54,0
DA:55,0
DA:56,0
DA:59,0
DA:60,0
DA:61,0
DA:73,0
DA:87,0
DA:89,0
DA:90,0
DA:92,0
DA:93,0
DA:94,0
DA:95,0
DA:97,0
DA:98,0
DA:99,0
DA:100,0
DA:101,0
DA:104,0
DA:105,0
DA:106,0
DA:109,0
DA:111,0
DA:114,0
DA:117,0
DA:118,0
LF:38
LH:0
end_of_record
SF:lib/src/view/app_loading_view.dart
DA:6,0
DA:10,0
DA:12,0
DA:13,0
LF:4
LH:0
end_of_record
SF:lib/src/widgets/action_button.dart
DA:8,0
DA:42,0
DA:44,0
DA:45,0
DA:47,0
DA:48,0
DA:49,0
DA:50,0
DA:51,0
DA:52,0
DA:53,0
DA:54,0
DA:56,0
DA:58,0
DA:59,0
DA:61,0
DA:63,0
DA:66,0
DA:67,0
DA:68,0
DA:70,0
LF:21
LH:0
end_of_record
SF:lib/src/widgets/app_bar.dart
DA:9,0
DA:10,0
DA:11,0
DA:14,0
DA:15,0
DA:24,0
DA:44,0
DA:48,0
DA:52,0
DA:143,0
DA:145,0
DA:147,0
DA:149,0
DA:154,0
DA:156,0
DA:157,0
DA:158,0
DA:164,0
DA:165,0
DA:166,0
DA:167,0
DA:168,0
DA:170,0
DA:171,0
DA:174,0
DA:175,0
DA:176,0
DA:177,0
DA:178,0
DA:179,0
DA:180,0
DA:181,0
DA:182,0
DA:183,0
DA:184,0
DA:185,0
DA:187,0
DA:188,0
DA:189,0
DA:190,0
DA:192,0
DA:193,0
DA:194,0
DA:195,0
DA:196,0
DA:197,0
DA:198,0
DA:199,0
DA:200,0
DA:201,0
DA:207,2
DA:209,0
DA:211,0
DA:213,0
DA:214,0
DA:216,0
DA:217,0
DA:219,0
DA:220,0
DA:221,0
DA:222,0
LF:61
LH:1
end_of_record
SF:lib/src/widgets/app_cupertino_scaffold.dart
DA:9,0
DA:13,0
DA:15,0
DA:16,0
DA:18,0
DA:19,0
DA:24,0
DA:26,0
LF:8
LH:0
end_of_record
SF:lib/src/widgets/app_progress_bar.dart
DA:11,0
DA:20,0
DA:22,0
DA:24,0
DA:26,0
DA:27,0
DA:28,0
DA:29,0
DA:31,0
DA:33,0
DA:35,0
DA:36,0
DA:38,0
DA:39,0
DA:40,0
DA:41,0
DA:43,0
DA:47,0
DA:48,0
DA:49,0
DA:50,0
DA:51,0
DA:52,0
DA:53,0
DA:55,0
LF:25
LH:0
end_of_record
SF:lib/src/widgets/app_state_watcher.dart
DA:4,0
DA:16,0
DA:17,0
DA:36,0
DA:38,0
DA:39,0
DA:42,0
DA:44,0
DA:45,0
DA:48,0
DA:50,0
DA:51,0
DA:54,0
DA:56,0
LF:14
LH:0
end_of_record
SF:lib/src/widgets/buttons.dart
DA:22,0
DA:40,0
DA:44,0
DA:62,0
DA:66,0
DA:84,0
DA:88,0
DA:106,0
DA:110,0
DA:128,0
DA:132,0
DA:150,0
DA:154,0
DA:172,0
DA:201,0
DA:203,0
DA:204,0
DA:205,0
DA:206,0
DA:207,0
DA:212,0
DA:213,0
DA:216,0
DA:220,0
DA:222,0
DA:224,0
DA:225,0
DA:226,0
DA:229,0
DA:230,0
DA:231,0
DA:232,0
DA:233,0
DA:234,0
DA:235,0
DA:236,0
DA:237,0
DA:238,0
DA:239,0
DA:240,0
DA:241,0
DA:243,0
DA:245,0
DA:246,0
DA:247,0
DA:248,0
DA:251,0
DA:252,0
DA:253,0
DA:254,0
DA:256,0
DA:257,0
DA:258,0
DA:259,0
DA:260,0
DA:261,0
DA:263,0
DA:264,0
DA:265,0
DA:266,0
DA:268,0
DA:270,0
DA:271,0
DA:272,0
DA:273,0
DA:274,0
DA:275,0
DA:276,0
DA:277,0
DA:278,0
DA:279,0
DA:280,0
DA:281,0
DA:283,0
DA:285,0
DA:286,0
DA:287,0
DA:288,0
DA:289,0
DA:290,0
DA:291,0
DA:292,0
DA:294,0
DA:295,0
DA:296,0
DA:297,0
DA:298,0
DA:299,0
DA:300,0
DA:302,0
DA:304,0
DA:306,0
DA:307,0
DA:308,0
DA:309,0
DA:310,0
DA:311,0
DA:316,0
DA:320,0
DA:321,0
DA:322,0
DA:327,0
DA:331,0
DA:332,0
DA:333,0
DA:336,0
DA:339,0
DA:342,0
DA:346,0
DA:347,0
DA:348,0
DA:349,0
DA:354,0
DA:359,0
DA:361,0
DA:362,0
DA:363,0
DA:364,0
DA:368,0
DA:369,0
DA:371,0
DA:372,0
DA:373,0
DA:374,0
DA:379,0
DA:381,0
DA:389,0
DA:390,0
DA:393,0
DA:394,0
DA:395,0
DA:396,0
DA:400,0
DA:401,0
DA:402,0
DA:403,0
DA:404,0
DA:406,0
DA:407,0
DA:408,0
DA:410,0
DA:412,0
DA:414,0
DA:416,0
DA:431,0
DA:433,0
DA:435,0
DA:436,0
DA:437,0
DA:438,0
DA:439,0
DA:440,0
DA:446,0
DA:447,0
DA:453,0
DA:454,0
DA:455,0
DA:461,0
DA:467,0
DA:477,0
DA:479,0
DA:481,0
DA:482,0
DA:483,0
DA:484,0
DA:485,0
DA:486,0
DA:491,0
LF:168
LH:0
end_of_record
SF:lib/src/widgets/card.dart
DA:8,2
DA:51,1
DA:53,1
DA:55,1
DA:56,1
DA:57,1
DA:60,1
DA:63,1
DA:64,1
DA:65,1
DA:66,2
DA:67,1
DA:69,1
DA:70,1
DA:72,1
DA:74,2
DA:79,1
DA:82,1
DA:84,1
DA:85,1
DA:86,1
DA:87,1
DA:88,1
DA:89,3
DA:90,1
DA:91,4
DA:93,1
DA:94,1
DA:95,1
DA:97,1
DA:98,1
DA:99,1
DA:100,1
DA:102,1
DA:103,1
DA:104,1
DA:105,1
LF:37
LH:37
end_of_record
SF:lib/src/widgets/checkbox.dart
DA:6,0
DA:15,0
DA:17,0
DA:19,0
DA:20,0
DA:21,0
DA:22,0
DA:23,0
DA:24,0
DA:25,0
DA:26,0
DA:28,0
DA:31,0
DA:34,0
LF:14
LH:0
end_of_record
SF:lib/src/widgets/chip.dart
DA:6,0
DA:12,0
DA:14,0
DA:16,0
DA:17,0
DA:19,0
DA:21,0
DA:22,0
DA:29,0
DA:40,0
DA:42,0
DA:44,0
DA:46,0
DA:47,0
DA:49,0
LF:15
LH:0
end_of_record
SF:lib/src/widgets/chip_button.dart
DA:5,0
DA:18,0
DA:20,0
DA:22,0
DA:23,0
DA:24,0
DA:25,0
DA:28,0
DA:29,0
DA:31,0
DA:32,0
DA:34,0
DA:37,0
LF:13
LH:0
end_of_record
SF:lib/src/widgets/collapsible_text.dart
DA:5,0
DA:22,0
DA:24,0
DA:26,0
DA:27,0
DA:28,0
DA:29,0
DA:30,0
DA:32,0
DA:36,0
DA:37,0
DA:39,0
DA:40,0
DA:42,0
DA:47,0
DA:49,0
DA:54,0
DA:55,0
DA:56,0
DA:57,0
DA:58,0
DA:59,0
DA:60,0
DA:63,0
DA:65,0
DA:66,0
DA:67,0
DA:68,0
DA:69,0
LF:29
LH:0
end_of_record
SF:lib/src/widgets/conditionnal_wrapper.dart
DA:4,0
DA:15,0
DA:17,0
DA:18,0
DA:21,0
LF:5
LH:0
end_of_record
SF:lib/src/widgets/contact_card.dart
DA:5,0
DA:33,0
DA:35,0
DA:37,0
DA:38,0
DA:39,0
DA:40,0
DA:41,0
DA:42,0
DA:44,0
DA:45,0
DA:46,0
DA:48,0
DA:49,0
DA:52,0
DA:53,0
DA:55,0
DA:57,0
DA:58,0
DA:59,0
DA:61,0
DA:62,0
DA:67,0
DA:68,0
DA:69,0
DA:70,0
DA:72,0
DA:73,0
DA:74,0
DA:75,0
DA:77,0
DA:79,0
DA:80,0
DA:83,0
DA:85,0
DA:87,0
DA:89,0
DA:96,0
DA:97,0
DA:100,0
DA:101,0
DA:102,0
DA:106,0
DA:108,0
DA:111,0
DA:117,0
DA:121,0
DA:123,0
DA:135,1
DA:137,0
DA:139,0
DA:141,0
DA:143,0
DA:144,0
LF:54
LH:1
end_of_record
SF:lib/src/widgets/content_switcher.dart
DA:5,0
DA:18,0
DA:19,0
DA:25,0
DA:27,0
DA:29,0
DA:30,0
DA:31,0
DA:32,0
DA:33,0
DA:35,0
DA:36,0
DA:37,0
LF:13
LH:0
end_of_record
SF:lib/src/widgets/dismissible_image.dart
DA:6,0
DA:17,0
DA:18,0
DA:24,0
DA:26,0
DA:28,0
DA:30,0
DA:32,0
DA:33,0
DA:34,0
DA:35,0
DA:38,0
DA:39,0
DA:41,0
DA:43,0
DA:52,0
DA:54,0
DA:55,0
DA:56,0
LF:19
LH:0
end_of_record
SF:lib/src/widgets/dismissible_page.dart
DA:6,0
DA:13,0
DA:15,0
DA:17,0
DA:18,0
DA:21,0
DA:22,0
DA:24,0
DA:25,0
DA:26,0
DA:28,0
LF:11
LH:0
end_of_record
SF:lib/src/widgets/divided_column.dart
DA:7,0
DA:29,0
DA:30,0
DA:32,0
DA:33,0
DA:34,0
DA:35,0
DA:36,0
DA:42,0
DA:43,0
DA:45,0
DA:47,0
DA:50,0
DA:52,0
DA:54,0
DA:55,0
DA:56,0
DA:57,0
DA:58,0
DA:59,0
DA:60,0
DA:61,0
LF:22
LH:0
end_of_record
SF:lib/src/widgets/divided_row.dart
DA:7,0
DA:17,0
DA:29,0
DA:30,0
DA:32,0
DA:33,0
DA:34,0
DA:35,0
DA:36,0
DA:38,0
DA:39,0
DA:44,0
DA:45,0
DA:47,0
DA:49,0
DA:52,0
DA:54,0
DA:56,0
DA:57,0
DA:58,0
DA:59,0
DA:60,0
DA:61,0
DA:62,0
DA:63,0
LF:25
LH:0
end_of_record
SF:lib/src/widgets/divided_wrap.dart
DA:7,0
DA:20,0
DA:35,0
DA:36,0
DA:38,0
DA:39,0
DA:40,0
DA:41,0
DA:42,0
DA:47,0
DA:48,0
DA:50,0
DA:52,0
DA:55,0
DA:57,0
DA:59,0
DA:60,0
DA:61,0
DA:62,0
DA:63,0
DA:64,0
DA:65,0
DA:66,0
DA:67,0
DA:68,0
LF:25
LH:0
end_of_record
SF:lib/src/widgets/dropdown.dart
DA:5,0
DA:20,0
DA:21,0
DA:27,0
DA:29,0
DA:30,0
DA:33,0
DA:35,0
DA:36,0
DA:38,0
DA:39,0
DA:40,0
DA:41,0
DA:42,0
DA:43,0
DA:44,0
DA:46,0
DA:48,0
DA:51,0
DA:52,0
DA:53,0
DA:54,0
DA:58,0
DA:59,0
DA:60,0
DA:61,0
DA:63,0
DA:65,0
DA:69,0
DA:70,0
DA:79,0
DA:80,0
DA:81,0
DA:83,0
DA:88,0
DA:98,0
DA:100,0
DA:101,0
DA:102,0
DA:103,0
DA:104,0
DA:106,0
DA:107,0
DA:110,0
LF:44
LH:0
end_of_record
SF:lib/src/widgets/empty_sliver_view.dart
DA:6,0
DA:14,0
DA:24,0
DA:26,0
DA:28,0
DA:29,0
DA:31,0
DA:32,0
DA:33,0
DA:34,0
DA:36,0
DA:37,0
DA:38,0
DA:39,0
DA:40,0
DA:42,0
DA:43,0
DA:44,0
DA:45,0
DA:46,0
DA:47,0
DA:51,0
DA:52,0
DA:53,0
DA:54,0
DA:55,0
DA:59,0
DA:61,0
LF:28
LH:0
end_of_record
SF:lib/src/widgets/flexible_modal.dart
DA:10,0
DA:25,0
DA:27,0
DA:30,0
DA:32,0
DA:34,0
DA:35,0
DA:36,0
DA:37,0
DA:38,0
DA:44,0
DA:45,0
DA:46,0
DA:53,0
DA:54,0
DA:55,0
DA:56,0
DA:57,0
DA:59,0
DA:60,0
DA:66,0
DA:73,0
DA:74,0
DA:75,0
DA:76,0
DA:80,0
DA:81,0
DA:82,0
DA:83,0
DA:84,0
DA:85,0
DA:87,0
DA:89,0
DA:98,0
DA:101,0
DA:103,0
DA:104,0
DA:105,0
DA:106,0
DA:107,0
DA:108,0
DA:110,0
DA:111,0
DA:120,0
DA:121,0
LF:45
LH:0
end_of_record
SF:lib/src/widgets/gap.dart
DA:21,1
DA:29,1
DA:31,1
DA:32,0
DA:34,2
DA:41,0
DA:50,1
DA:59,6
DA:68,10
DA:77,2
DA:86,6
DA:95,0
DA:104,0
DA:113,3
DA:122,0
DA:135,1
DA:137,1
DA:140,1
DA:142,1
DA:143,1
DA:144,0
DA:145,1
DA:146,0
DA:147,0
DA:148,0
DA:150,1
DA:151,0
DA:152,0
DA:153,0
DA:155,1
DA:156,5
DA:157,1
DA:158,5
DA:159,0
DA:160,0
DA:161,0
DA:162,0
DA:163,0
DA:164,0
DA:165,0
DA:166,0
DA:167,0
DA:168,0
DA:170,0
DA:171,0
DA:172,0
DA:173,0
LF:47
LH:21
end_of_record
SF:lib/src/widgets/html_text.dart
DA:19,0
DA:24,0
DA:26,0
DA:28,0
DA:29,0
DA:30,0
DA:31,0
DA:32,0
DA:33,0
DA:34,0
DA:35,0
DA:36,0
DA:37,0
DA:38,0
DA:39,0
DA:40,0
DA:42,0
DA:43,0
DA:45,0
DA:46,0
DA:48,0
DA:49,0
DA:51,0
DA:52,0
DA:53,0
DA:56,0
DA:57,0
DA:58,0
DA:62,0
DA:63,0
DA:67,0
DA:68,0
DA:69,0
DA:71,0
DA:72,0
DA:73,0
LF:36
LH:0
end_of_record
SF:lib/src/widgets/icons.g.dart
DA:27,0
LF:1
LH:0
end_of_record
SF:lib/src/widgets/images.dart
DA:12,0
DA:34,0
DA:55,0
DA:57,0
DA:59,0
DA:62,0
DA:64,0
DA:85,0
DA:105,0
DA:107,0
DA:109,0
DA:112,0
DA:114,0
DA:128,0
DA:143,0
DA:200,0
DA:202,0
DA:204,0
DA:205,0
DA:206,0
DA:207,0
DA:208,0
DA:209,0
DA:210,0
DA:214,0
DA:216,0
DA:217,0
DA:219,0
DA:220,0
DA:222,0
DA:223,0
DA:224,0
DA:226,0
DA:227,0
DA:228,0
DA:229,0
DA:230,0
DA:249,0
DA:264,0
DA:317,0
DA:319,0
DA:321,0
DA:323,0
DA:324,0
DA:326,0
DA:327,0
DA:328,0
DA:329,0
DA:330,0
DA:331,0
DA:332,0
DA:336,0
DA:338,0
DA:339,0
DA:343,0
DA:346,0
DA:347,0
DA:349,0
DA:351,0
DA:353,0
DA:354,0
DA:355,0
DA:356,0
DA:358,0
DA:360,0
DA:361,0
DA:362,0
DA:376,0
DA:377,0
DA:378,0
DA:379,0
DA:381,0
DA:382,0
DA:383,0
DA:385,0
DA:386,0
DA:387,0
DA:389,0
DA:390,0
DA:391,0
DA:392,0
DA:400,1
DA:411,0
DA:413,0
DA:415,0
DA:416,0
DA:418,0
DA:421,0
DA:422,0
DA:423,0
DA:424,0
DA:432,0
DA:441,0
DA:443,0
DA:447,0
DA:452,0
DA:454,0
DA:455,0
DA:460,0
DA:461,0
DA:464,0
DA:465,0
DA:468,0
LF:103
LH:1
end_of_record
SF:lib/src/widgets/info_tile.dart
DA:5,0
DA:18,0
DA:20,0
DA:22,0
DA:23,0
DA:24,0
DA:25,0
DA:26,0
DA:27,0
DA:28,0
DA:31,0
DA:32,0
DA:33,0
LF:13
LH:0
end_of_record
SF:lib/src/widgets/init.dart
DA:4,0
DA:13,0
DA:14,0
DA:18,0
DA:20,0
DA:21,0
DA:22,0
DA:26,0
DA:28,0
LF:9
LH:0
end_of_record
SF:lib/src/widgets/int_picker.dart
DA:5,0
DA:10,0
DA:17,0
DA:18,0
DA:24,0
DA:25,0
DA:26,0
DA:28,0
DA:31,0
DA:32,0
DA:35,0
DA:36,0
DA:38,0
DA:41,0
DA:43,0
DA:45,0
DA:47,0
DA:48,0
DA:51,0
DA:52,0
DA:55,0
DA:58,0
DA:60,0
DA:61,0
DA:64,0
DA:67,0
DA:68,0
DA:69,0
DA:70,0
DA:75,0
DA:77,0
DA:80,0
DA:94,0
DA:96,0
DA:98,0
DA:100,0
DA:110,0
DA:112,0
DA:114,0
DA:121,0
DA:133,0
DA:135,0
DA:137,0
DA:139,0
DA:140,0
DA:141,0
DA:142,0
DA:143,0
DA:144,0
DA:148,0
DA:149,0
DA:150,0
DA:151,0
DA:152,0
DA:153,0
DA:157,0
LF:56
LH:0
end_of_record
SF:lib/src/widgets/line.dart
DA:9,0
DA:10,0
DA:14,0
DA:25,0
DA:27,0
DA:29,0
DA:31,0
DA:32,0
DA:33,0
DA:34,0
LF:10
LH:0
end_of_record
SF:lib/src/widgets/loader.dart
DA:14,0
DA:19,2
DA:24,0
DA:32,0
DA:34,0
DA:35,0
DA:37,0
DA:38,0
DA:39,0
DA:40,0
DA:41,0
DA:42,0
DA:43,0
DA:44,0
DA:46,0
DA:48,0
DA:50,0
DA:51,0
LF:18
LH:1
end_of_record
SF:lib/src/widgets/modal.dart
DA:6,0
DA:23,0
DA:24,0
DA:26,0
DA:28,0
DA:29,0
DA:30,0
DA:38,0
DA:49,0
DA:50,0
DA:52,0
DA:54,0
DA:55,0
DA:64,0
DA:77,0
DA:79,0
DA:80,0
DA:82,0
DA:83,0
DA:84,0
DA:85,0
DA:86,0
DA:87,0
DA:89,0
DA:90,0
DA:91,0
DA:92,0
DA:93,0
DA:94,0
DA:95,0
DA:98,0
DA:99,0
DA:103,0
DA:106,0
DA:115,2
DA:117,0
DA:119,0
DA:121,0
DA:122,0
DA:124,0
DA:125,0
DA:126,0
DA:127,0
DA:128,0
DA:129,0
LF:45
LH:1
end_of_record
SF:lib/src/widgets/radio_button.dart
DA:5,0
DA:18,0
DA:19,0
DA:23,0
DA:25,0
DA:27,0
DA:28,0
DA:29,0
DA:31,0
DA:32,0
DA:34,0
DA:35,0
DA:37,0
DA:38,0
DA:39,0
DA:40,0
DA:41,0
DA:44,0
DA:45,0
DA:46,0
DA:50,0
DA:52,0
DA:54,0
DA:58,0
DA:60,0
DA:73,0
DA:81,0
DA:83,0
DA:85,0
DA:86,0
DA:87,0
DA:88,0
DA:89,0
DA:90,0
DA:91,0
DA:92,0
LF:36
LH:0
end_of_record
SF:lib/src/widgets/reactive_text_field.dart
DA:8,0
DA:118,0
DA:119,0
DA:123,0
DA:124,0
DA:125,0
DA:127,0
DA:131,0
DA:133,0
DA:134,0
DA:137,0
DA:139,0
DA:140,0
DA:141,0
DA:145,0
DA:147,0
DA:148,0
DA:150,0
DA:153,0
DA:155,0
DA:156,0
DA:158,0
DA:159,0
DA:161,0
DA:162,0
DA:163,0
DA:164,0
DA:165,0
DA:166,0
DA:167,0
DA:168,0
DA:169,0
DA:170,0
DA:171,0
DA:172,0
DA:174,0
DA:175,0
DA:176,0
DA:177,0
DA:181,0
DA:182,0
DA:183,0
DA:184,0
DA:185,0
DA:186,0
DA:187,0
DA:191,0
DA:192,0
DA:194,0
DA:196,0
DA:197,0
DA:198,0
DA:204,0
LF:53
LH:0
end_of_record
SF:lib/src/widgets/refresh_indicator.dart
DA:25,0
DA:95,0
DA:96,0
DA:116,0
DA:119,0
DA:120,0
DA:123,0
DA:125,0
DA:129,0
DA:130,0
DA:132,0
DA:135,0
DA:136,0
DA:139,0
DA:141,0
DA:143,0
DA:144,0
DA:145,0
DA:146,0
DA:152,0
DA:154,0
DA:155,0
DA:158,0
DA:159,0
DA:162,0
DA:163,0
DA:168,0
DA:169,0
DA:176,0
DA:179,0
DA:180,0
DA:182,0
DA:188,0
DA:191,0
DA:192,0
DA:193,0
DA:196,0
DA:198,0
DA:199,0
DA:200,0
DA:201,0
DA:202,0
DA:203,0
DA:204,0
DA:205,0
DA:206,0
DA:207,0
DA:208,0
DA:209,0
DA:210,0
DA:216,0
DA:233,0
DA:235,0
DA:236,0
DA:238,0
DA:239,0
DA:240,0
DA:241,0
DA:243,0
DA:244,0
DA:246,0
DA:247,0
DA:265,0
DA:272,0
DA:274,0
DA:275,0
DA:276,0
LF:67
LH:0
end_of_record
SF:lib/src/widgets/selectable_card.dart
DA:5,0
DA:14,0
DA:39,0
DA:41,0
DA:43,0
DA:44,0
DA:45,0
DA:47,0
DA:48,0
DA:50,0
DA:51,0
DA:52,0
DA:54,0
DA:55,0
DA:57,0
DA:58,0
DA:59,0
DA:61,0
DA:62,0
DA:64,0
DA:65,0
DA:67,0
DA:69,0
DA:71,0
DA:73,0
DA:74,0
DA:75,0
DA:77,0
DA:78,0
DA:84,0
DA:86,0
DA:87,0
LF:32
LH:0
end_of_record
SF:lib/src/widgets/selectable_dot.dart
DA:5,0
DA:16,0
DA:18,0
DA:20,0
DA:21,0
DA:22,0
DA:23,0
DA:24,0
DA:25,0
DA:26,0
DA:27,0
LF:11
LH:0
end_of_record
SF:lib/src/widgets/selectable_tile.dart
DA:10,0
DA:19,0
DA:34,0
DA:36,0
DA:38,0
DA:40,0
DA:41,0
DA:42,0
DA:43,0
DA:44,0
DA:45,0
DA:47,0
DA:48,0
DA:51,0
DA:52,0
DA:53,0
DA:54,0
DA:55,0
DA:62,0
DA:64,0
DA:66,0
DA:67,0
DA:68,0
DA:69,0
DA:70,0
DA:72,0
DA:73,0
DA:74,0
DA:76,0
DA:78,0
DA:80,0
DA:81,0
DA:84,0
DA:85,0
DA:86,0
DA:89,0
DA:97,0
LF:37
LH:0
end_of_record
SF:lib/src/widgets/snackbar.dart
DA:13,0
DA:15,0
DA:16,0
DA:17,0
DA:18,0
DA:19,0
DA:20,0
DA:21,0
DA:22,0
DA:27,0
DA:38,0
DA:40,0
DA:42,0
DA:43,0
DA:44,0
DA:46,0
DA:47,0
DA:48,0
DA:49,0
DA:50,0
DA:51,0
DA:53,0
DA:54,0
DA:55,0
DA:57,0
DA:62,0
DA:73,0
DA:101,0
DA:103,0
DA:105,0
DA:106,0
DA:107,0
DA:108,0
DA:109,0
DA:111,0
DA:112,0
DA:113,0
DA:114,0
DA:115,0
DA:116,0
DA:117,0
DA:126,0
DA:155,0
DA:156,0
DA:157,0
DA:158,0
DA:159,0
DA:160,0
DA:161,0
DA:162,0
DA:163,0
DA:164,0
DA:169,0
DA:170,0
DA:171,0
DA:173,0
DA:175,0
DA:177,0
DA:182,0
DA:184,0
DA:185,0
DA:187,0
DA:188,0
DA:191,0
DA:192,0
DA:193,0
DA:195,0
DA:200,0
DA:201,0
DA:202,0
DA:208,0
DA:209,0
DA:210,0
DA:211,0
DA:213,0
DA:215,0
DA:216,0
DA:217,0
DA:219,0
DA:220,0
DA:221,0
DA:222,0
DA:224,0
DA:225,0
LF:84
LH:0
end_of_record
SF:lib/src/widgets/tab_bar.dart
DA:9,0
DA:19,0
DA:20,0
DA:24,0
DA:35,0
DA:37,0
DA:39,0
DA:41,0
DA:42,0
DA:45,0
DA:46,0
DA:47,0
DA:48,0
DA:49,0
DA:50,0
DA:51,0
DA:52,0
DA:58,0
DA:59,0
DA:60,0
DA:61,0
DA:62,0
DA:63,0
DA:64,0
DA:65,0
DA:67,0
DA:68,0
DA:69,0
DA:72,0
DA:73,0
DA:74,0
DA:75,0
DA:84,0
DA:89,0
DA:93,0
DA:94,0
DA:95,0
DA:96,0
DA:105,0
DA:115,0
DA:116,0
DA:118,0
DA:119,0
DA:121,0
DA:127,0
DA:130,0
DA:132,0
DA:133,0
DA:134,0
LF:49
LH:0
end_of_record
SF:lib/src/widgets/tab_bar_rounded_icons.dart
DA:6,0
DA:15,0
DA:17,0
DA:19,0
DA:20,0
DA:21,0
DA:23,0
DA:25,0
DA:26,0
DA:29,0
DA:30,0
DA:31,0
DA:32,0
DA:33,0
DA:34,0
DA:35,0
DA:36,0
DA:42,0
DA:43,0
DA:44,0
DA:46,0
DA:47,0
DA:48,0
DA:50,0
DA:52,0
DA:53,0
DA:55,0
DA:56,0
DA:57,0
DA:59,0
DA:60,0
DA:70,0
DA:78,0
DA:91,0
DA:93,0
DA:95,0
DA:97,0
DA:98,0
DA:99,0
DA:101,0
DA:103,0
DA:104,0
DA:106,0
DA:107,0
DA:110,0
DA:117,0
DA:118,0
DA:119,0
DA:120,0
DA:121,0
LF:50
LH:0
end_of_record
SF:lib/src/widgets/tap.dart
DA:8,1
DA:42,1
DA:44,1
DA:45,1
DA:46,1
DA:48,1
DA:49,1
DA:58,1
DA:59,3
DA:61,1
DA:62,1
DA:63,1
DA:64,1
DA:65,1
DA:66,1
DA:67,1
DA:68,1
DA:73,1
DA:74,1
DA:75,1
DA:81,0
LF:21
LH:20
end_of_record
SF:lib/src/widgets/text.dart
DA:29,0
DA:47,0
DA:65,0
DA:83,0
DA:101,0
DA:119,0
DA:137,1
DA:155,0
DA:173,1
DA:191,0
DA:209,0
DA:227,0
DA:245,0
DA:263,0
DA:281,0
DA:299,0
DA:317,0
DA:335,0
DA:404,1
DA:405,1
DA:407,1
DA:408,0
DA:409,1
DA:410,0
DA:411,1
DA:412,0
DA:413,1
DA:414,0
DA:415,1
DA:416,0
DA:417,1
DA:418,0
DA:419,1
DA:420,2
DA:421,1
DA:422,0
DA:423,1
DA:424,2
DA:425,0
DA:426,0
DA:427,0
DA:428,0
DA:429,0
DA:430,0
DA:431,0
DA:432,0
DA:433,0
DA:434,0
DA:435,0
DA:439,0
DA:440,0
DA:441,0
DA:442,0
DA:443,0
DA:444,0
DA:445,0
DA:447,0
DA:448,0
DA:449,0
DA:454,1
DA:456,1
DA:457,2
DA:459,2
DA:461,1
DA:463,2
DA:465,1
DA:466,0
DA:468,0
DA:469,0
DA:475,0
DA:476,0
DA:477,0
DA:478,0
DA:479,0
DA:480,0
DA:485,0
DA:487,0
DA:488,0
DA:489,0
DA:490,0
DA:491,0
DA:493,0
DA:495,0
DA:496,0
DA:498,0
DA:504,0
DA:507,1
DA:509,1
DA:510,1
DA:512,1
DA:518,1
DA:519,1
DA:520,1
DA:521,1
DA:522,1
DA:523,1
LF:96
LH:32
end_of_record
SF:lib/src/widgets/toggle.dart
DA:7,0
DA:22,0
DA:24,0
DA:26,0
DA:28,0
DA:30,0
DA:31,0
DA:32,0
DA:33,0
DA:35,0
DA:36,0
DA:38,0
DA:39,0
DA:40,0
DA:41,0
DA:42,0
DA:44,0
DA:45,0
DA:46,0
DA:47,0
DA:49,0
DA:51,0
DA:52,0
DA:53,0
DA:55,0
DA:58,0
DA:59,0
DA:61,0
DA:67,0
DA:68,0
DA:69,0
DA:72,0
DA:75,0
DA:76,0
DA:78,0
DA:80,0
DA:81,0
DA:82,0
DA:84,0
DA:85,0
DA:87,0
DA:89,0
DA:90,0
DA:92,0
DA:94,0
LF:45
LH:0
end_of_record
SF:lib/src/widgets/videos.dart
DA:10,0
DA:13,0
DA:17,0
DA:20,0
DA:21,0
DA:25,0
DA:26,0
DA:27,0
DA:34,0
DA:53,0
DA:54,0
DA:62,0
DA:64,0
DA:65,0
DA:66,0
DA:67,0
DA:68,0
DA:69,0
DA:73,0
DA:75,0
DA:76,0
DA:77,0
DA:78,0
DA:80,0
DA:81,0
DA:82,0
DA:83,0
DA:84,0
DA:85,0
DA:88,0
DA:89,0
DA:95,0
DA:97,0
DA:98,0
DA:101,0
DA:103,0
DA:104,0
DA:108,0
DA:109,0
DA:112,0
DA:115,0
LF:41
LH:0
end_of_record
SF:lib/src/widgets/warning_information.dart
DA:5,0
DA:14,0
DA:16,0
DA:18,0
DA:21,0
DA:22,0
DA:24,0
DA:27,0
DA:28,0
DA:29,0
DA:30,0
DA:31,0
LF:12
LH:0
end_of_record
SF:lib/src/theme/data/box_shadow.dart
DA:8,0
DA:11,1
DA:12,1
DA:13,1
DA:36,0
DA:37,0
DA:42,1
DA:48,0
DA:52,0
DA:55,0
DA:60,0
LF:11
LH:4
end_of_record
SF:lib/src/utils/named.dart
DA:5,0
DA:10,0
DA:11,0
DA:15,0
LF:4
LH:0
end_of_record
SF:lib/src/theme/data/breakpoints.dart
DA:6,0
DA:12,1
DA:25,1
DA:31,0
DA:33,0
DA:34,0
DA:38,0
DA:44,0
DA:45,0
DA:46,0
DA:47,0
DA:48,0
DA:49,0
DA:50,0
DA:51,0
LF:15
LH:2
end_of_record
SF:lib/src/theme/data/colors.dart
DA:64,0
DA:96,1
DA:128,1
DA:160,1
DA:192,1
DA:309,0
DA:312,0
DA:315,0
DA:318,0
DA:321,0
DA:324,0
DA:327,0
DA:330,0
DA:333,0
DA:336,0
DA:339,0
DA:342,0
DA:345,0
DA:348,0
DA:351,0
DA:354,0
DA:357,0
DA:360,0
DA:363,0
DA:366,0
DA:369,0
DA:372,0
DA:375,0
DA:381,0
DA:382,0
DA:388,2
DA:394,0
DA:397,0
DA:400,0
DA:403,2
DA:404,1
DA:405,1
DA:406,1
DA:407,1
DA:408,1
DA:409,1
DA:410,1
DA:411,1
DA:412,1
DA:413,1
DA:414,1
DA:415,1
DA:416,1
DA:419,0
DA:420,0
DA:421,0
DA:422,0
DA:423,0
DA:424,0
DA:425,0
DA:426,0
DA:427,0
DA:428,0
DA:429,0
DA:430,0
DA:431,0
DA:432,0
DA:433,0
DA:434,0
DA:435,0
DA:436,0
DA:437,0
DA:438,0
DA:439,0
DA:440,0
DA:441,0
DA:442,0
DA:443,0
DA:444,0
DA:445,0
DA:446,0
DA:447,0
DA:448,0
DA:449,0
DA:450,0
DA:451,0
DA:452,0
DA:453,0
DA:454,0
DA:455,0
DA:456,0
DA:457,0
DA:458,0
DA:459,0
DA:460,0
DA:461,0
DA:462,0
DA:463,0
DA:464,0
DA:465,0
DA:466,0
DA:467,0
DA:468,0
DA:469,0
DA:470,0
DA:471,0
DA:472,0
DA:473,0
DA:474,0
DA:475,0
DA:476,0
DA:477,0
DA:478,0
DA:479,0
DA:480,0
DA:481,0
DA:487,1
DA:493,0
DA:495,0
DA:496,0
DA:500,0
DA:506,0
DA:507,0
DA:508,0
DA:509,0
DA:510,0
DA:511,0
DA:512,0
DA:513,0
DA:516,0
DA:517,0
DA:518,0
DA:521,0
DA:522,0
DA:523,0
DA:526,0
DA:527,0
DA:528,0
DA:531,0
DA:532,0
DA:533,0
DA:536,0
DA:537,0
DA:538,0
DA:541,0
DA:542,0
DA:543,0
DA:546,0
DA:547,0
DA:548,0
DA:551,0
DA:552,0
DA:553,0
DA:556,0
DA:557,0
DA:558,0
DA:561,0
DA:562,0
DA:563,0
DA:566,0
DA:567,0
DA:568,0
DA:571,0
DA:572,0
DA:573,0
DA:576,0
DA:577,0
DA:578,0
DA:581,0
DA:582,0
DA:583,0
DA:586,0
DA:587,0
DA:588,0
DA:591,0
DA:592,0
DA:593,0
DA:596,0
DA:597,0
DA:598,0
DA:601,0
DA:602,0
DA:603,0
DA:606,0
DA:607,0
DA:608,0
DA:611,0
DA:612,0
DA:613,0
DA:616,0
DA:617,0
DA:618,0
DA:621,0
DA:622,0
DA:623,0
DA:626,0
DA:627,0
DA:628,0
DA:631,0
DA:632,0
DA:633,0
DA:636,0
DA:637,0
DA:638,0
DA:641,0
DA:642,0
DA:643,0
LF:202
LH:20
end_of_record
SF:lib/src/theme/data/cupertino_navigation_bar_theme.dart
DA:10,0
DA:16,1
DA:18,3
DA:28,0
DA:29,0
DA:30,0
DA:31,0
DA:37,1
DA:43,0
DA:47,0
DA:49,0
DA:53,0
DA:58,0
DA:59,0
LF:14
LH:3
end_of_record
SF:lib/src/theme/data/sizes.dart
DA:11,0
DA:24,2
DA:91,2
DA:93,0
DA:94,0
DA:95,0
DA:96,0
DA:97,0
DA:98,0
DA:99,0
DA:100,0
DA:101,0
DA:102,0
DA:103,0
DA:108,1
DA:114,0
DA:116,0
DA:117,0
DA:121,0
DA:127,0
DA:128,0
DA:129,0
DA:130,0
DA:131,0
DA:132,0
DA:133,0
DA:134,0
DA:135,0
DA:136,0
DA:137,0
DA:144,1
DA:148,0
DA:149,0
DA:150,0
DA:151,0
DA:152,0
DA:153,0
DA:154,0
DA:155,0
DA:156,0
DA:157,0
DA:161,0
DA:164,0
DA:167,0
DA:170,0
DA:173,4
DA:176,0
DA:179,0
DA:182,0
DA:185,0
LF:50
LH:5
end_of_record
SF:lib/src/theme/data/durations.dart
DA:9,0
DA:18,2
DA:45,0
DA:46,0
DA:47,0
DA:48,0
DA:49,0
DA:50,0
DA:51,0
DA:57,2
DA:63,0
DA:65,0
DA:66,0
DA:70,0
LF:14
LH:2
end_of_record
SF:lib/src/theme/data/radius.dart
DA:9,0
DA:16,1
DA:41,2
DA:43,0
DA:44,0
DA:45,0
DA:46,0
DA:47,0
DA:52,1
DA:57,0
DA:60,4
DA:63,0
DA:72,1
DA:78,0
DA:80,0
DA:81,0
DA:85,0
DA:91,0
DA:92,0
DA:93,0
DA:94,0
DA:95,0
LF:22
LH:5
end_of_record
SF:lib/src/theme/data/round_slider_thumb_shape.dart
DA:4,1
DA:14,0
DA:16,0
DA:31,0
DA:32,0
DA:33,0
DA:34,0
DA:36,0
DA:37,0
DA:38,0
DA:41,0
DA:42,0
DA:44,0
DA:47,0
DA:50,0
DA:52,0
DA:53,0
LF:17
LH:1
end_of_record
